<?xml version="1.0" encoding="UTF-8"?>
<!-- Generated by org.testng.reporters.JUnitReportReporter -->
<testsuite hostname="CPAPST4W10-0490" failures="0" tests="1" name="resources.TestRunner" time="3.145" errors="0" timestamp="2025-06-08T23:58:32 IST" skipped="0">
  <testcase classname="resources.TestRunner" name="runScenario" time="3.145"/>
</testsuite> <!-- resources.TestRunner -->
