<?xml version="1.0" encoding="UTF-8"?>
<!-- Generated by org.testng.reporters.JUnitReportReporter -->
<testsuite hostname="CPAPST4W10-0490" failures="0" tests="4" name="resources.TestRunner" time="3.407" errors="0" timestamp="2025-06-11T00:58:45 IST" skipped="0">
  <testcase classname="resources.TestRunner" name="runScenario" time="0.054"/>
  <testcase classname="resources.TestRunner" name="runScenario" time="0.769"/>
  <testcase classname="resources.TestRunner" name="runScenario" time="0.049"/>
  <testcase classname="resources.TestRunner" name="runScenario" time="2.535"/>
</testsuite> <!-- resources.TestRunner -->
