<?xml version="1.0" encoding="UTF-8"?>
<!-- Generated by org.testng.reporters.JUnitReportReporter -->
<testsuite hostname="CPAPST4W10-0490" failures="0" tests="1" name="resources.TestRunner" time="2.378" errors="0" timestamp="2025-06-08T00:56:53 IST" skipped="0">
  <testcase classname="resources.TestRunner" name="runScenario" time="2.378"/>
</testsuite> <!-- resources.TestRunner -->
